[0.107s] DEBUG:colcon:Command line arguments: ['/usr/bin/colcon', 'list', '-p', '--base-paths', '/home/gyc/test']
[0.107s] DEBUG:colcon:Parsed command line arguments: Namespace(log_base=None, log_level=None, verb_name='list', build_base='build', ignore_user_meta=False, metas=['./colcon.meta'], base_paths=['/home/gyc/test'], packages_ignore=None, packages_ignore_regex=None, paths=None, packages_up_to=None, packages_up_to_regex=None, packages_above=None, packages_above_and_dependencies=None, packages_above_depth=None, packages_select_by_dep=None, packages_skip_by_dep=None, packages_skip_up_to=None, packages_select_build_failed=False, packages_skip_build_finished=False, packages_select_test_failures=False, packages_skip_test_passed=False, packages_select=None, packages_skip=None, packages_select_regex=None, packages_skip_regex=None, packages_start=None, packages_end=None, allow_overriding=[], topological_order=False, names_only=False, paths_only=True, topological_graph=False, topological_graph_dot=False, topological_graph_density=False, topological_graph_legend=False, topological_graph_dot_cluster=False, topological_graph_dot_include_skipped=False, verb_parser=<colcon_defaults.argument_parser.defaults.DefaultArgumentsDecorator object at 0x73e3c02dc3a0>, verb_extension=<colcon_package_information.verb.list.ListVerb object at 0x73e3c02a3490>, main=<bound method ListVerb.main of <colcon_package_information.verb.list.ListVerb object at 0x73e3c02a3490>>)
[0.306s] Level 1:colcon.colcon_core.package_discovery:discover_packages(colcon_meta) check parameters
[0.306s] Level 1:colcon.colcon_core.package_discovery:discover_packages(recursive) check parameters
[0.306s] Level 1:colcon.colcon_core.package_discovery:discover_packages(ignore) check parameters
[0.306s] Level 1:colcon.colcon_core.package_discovery:discover_packages(path) check parameters
[0.306s] Level 1:colcon.colcon_core.package_discovery:discover_packages(recursive) discover
[0.306s] INFO:colcon.colcon_core.package_discovery:Crawling recursively for packages in '/home/gyc/test'
[0.306s] Level 1:colcon.colcon_core.package_identification:_identify(/home/gyc/test) by extensions ['ignore', 'ignore_ament_install']
[0.306s] Level 1:colcon.colcon_core.package_identification:_identify(/home/gyc/test) by extension 'ignore'
[0.307s] Level 1:colcon.colcon_core.package_identification:_identify(/home/gyc/test) by extension 'ignore_ament_install'
[0.307s] Level 1:colcon.colcon_core.package_identification:_identify(/home/gyc/test) by extensions ['colcon_pkg']
[0.307s] Level 1:colcon.colcon_core.package_identification:_identify(/home/gyc/test) by extension 'colcon_pkg'
[0.307s] Level 1:colcon.colcon_core.package_identification:_identify(/home/gyc/test) by extensions ['colcon_meta']
[0.307s] Level 1:colcon.colcon_core.package_identification:_identify(/home/gyc/test) by extension 'colcon_meta'
[0.307s] Level 1:colcon.colcon_core.package_identification:_identify(/home/gyc/test) by extensions ['ros']
[0.307s] Level 1:colcon.colcon_core.package_identification:_identify(/home/gyc/test) by extension 'ros'
[0.321s] Level 1:colcon.colcon_core.package_identification:_identify(/home/gyc/test) by extensions ['cmake', 'python']
[0.321s] Level 1:colcon.colcon_core.package_identification:_identify(/home/gyc/test) by extension 'cmake'
[0.321s] Level 1:colcon.colcon_core.package_identification:_identify(/home/gyc/test) by extension 'python'
[0.321s] Level 1:colcon.colcon_core.package_identification:_identify(/home/gyc/test) by extensions ['python_setup_py']
[0.321s] Level 1:colcon.colcon_core.package_identification:_identify(/home/gyc/test) by extension 'python_setup_py'
[0.321s] Level 1:colcon.colcon_core.package_identification:_identify(/home/gyc/test/build) by extensions ['ignore', 'ignore_ament_install']
[0.321s] Level 1:colcon.colcon_core.package_identification:_identify(/home/gyc/test/build) by extension 'ignore'
[0.321s] Level 1:colcon.colcon_core.package_identification:_identify(/home/gyc/test/build) ignored
[0.321s] Level 1:colcon.colcon_core.package_identification:_identify(/home/gyc/test/install) by extensions ['ignore', 'ignore_ament_install']
[0.322s] Level 1:colcon.colcon_core.package_identification:_identify(/home/gyc/test/install) by extension 'ignore'
[0.322s] Level 1:colcon.colcon_core.package_identification:_identify(/home/gyc/test/install) ignored
[0.322s] Level 1:colcon.colcon_core.package_identification:_identify(/home/gyc/test/log) by extensions ['ignore', 'ignore_ament_install']
[0.322s] Level 1:colcon.colcon_core.package_identification:_identify(/home/gyc/test/log) by extension 'ignore'
[0.322s] Level 1:colcon.colcon_core.package_identification:_identify(/home/gyc/test/log) ignored
[0.322s] Level 1:colcon.colcon_core.package_identification:_identify(/home/gyc/test/src) by extensions ['ignore', 'ignore_ament_install']
[0.322s] Level 1:colcon.colcon_core.package_identification:_identify(/home/gyc/test/src) by extension 'ignore'
[0.322s] Level 1:colcon.colcon_core.package_identification:_identify(/home/gyc/test/src) by extension 'ignore_ament_install'
[0.322s] Level 1:colcon.colcon_core.package_identification:_identify(/home/gyc/test/src) by extensions ['colcon_pkg']
[0.322s] Level 1:colcon.colcon_core.package_identification:_identify(/home/gyc/test/src) by extension 'colcon_pkg'
[0.322s] Level 1:colcon.colcon_core.package_identification:_identify(/home/gyc/test/src) by extensions ['colcon_meta']
[0.322s] Level 1:colcon.colcon_core.package_identification:_identify(/home/gyc/test/src) by extension 'colcon_meta'
[0.322s] Level 1:colcon.colcon_core.package_identification:_identify(/home/gyc/test/src) by extensions ['ros']
[0.322s] Level 1:colcon.colcon_core.package_identification:_identify(/home/gyc/test/src) by extension 'ros'
[0.322s] Level 1:colcon.colcon_core.package_identification:_identify(/home/gyc/test/src) by extensions ['cmake', 'python']
[0.322s] Level 1:colcon.colcon_core.package_identification:_identify(/home/gyc/test/src) by extension 'cmake'
[0.322s] Level 1:colcon.colcon_core.package_identification:_identify(/home/gyc/test/src) by extension 'python'
[0.322s] Level 1:colcon.colcon_core.package_identification:_identify(/home/gyc/test/src) by extensions ['python_setup_py']
[0.323s] Level 1:colcon.colcon_core.package_identification:_identify(/home/gyc/test/src) by extension 'python_setup_py'
[0.323s] Level 1:colcon.colcon_core.package_identification:_identify(/home/gyc/test/src/cpp01) by extensions ['ignore', 'ignore_ament_install']
[0.323s] Level 1:colcon.colcon_core.package_identification:_identify(/home/gyc/test/src/cpp01) by extension 'ignore'
[0.323s] Level 1:colcon.colcon_core.package_identification:_identify(/home/gyc/test/src/cpp01) by extension 'ignore_ament_install'
[0.323s] Level 1:colcon.colcon_core.package_identification:_identify(/home/gyc/test/src/cpp01) by extensions ['colcon_pkg']
[0.323s] Level 1:colcon.colcon_core.package_identification:_identify(/home/gyc/test/src/cpp01) by extension 'colcon_pkg'
[0.323s] Level 1:colcon.colcon_core.package_identification:_identify(/home/gyc/test/src/cpp01) by extensions ['colcon_meta']
[0.323s] Level 1:colcon.colcon_core.package_identification:_identify(/home/gyc/test/src/cpp01) by extension 'colcon_meta'
[0.323s] Level 1:colcon.colcon_core.package_identification:_identify(/home/gyc/test/src/cpp01) by extensions ['ros']
[0.323s] Level 1:colcon.colcon_core.package_identification:_identify(/home/gyc/test/src/cpp01) by extension 'ros'
[0.326s] DEBUG:colcon.colcon_core.package_identification:Package '/home/gyc/test/src/cpp01' with type 'ros.ament_cmake' and name 'cpp01'
[0.326s] Level 1:colcon.colcon_core.package_discovery:discover_packages(recursive) using defaults
