[0.009s] Invoking command in '/home/gyc/test/build/cpp01': CMAKE_PREFIX_PATH=/opt/ros/humble /usr/bin/cmake /home/gyc/test/src/cpp01 -DCMAKE_INSTALL_PREFIX=/home/gyc/test/install/cpp01
[0.100s] -- The C compiler identification is GNU 11.4.0
[0.175s] -- The CXX compiler identification is GNU 11.4.0
[0.181s] -- Detecting C compiler ABI info
[0.259s] -- Detecting C compiler ABI info - done
[0.269s] -- Check for working C compiler: /usr/bin/cc - skipped
[0.270s] -- Detecting C compile features
[0.270s] -- Detecting C compile features - done
[0.274s] -- Detecting CXX compiler ABI info
[0.361s] -- Detecting CXX compiler ABI info - done
[0.365s] -- Check for working CXX compiler: /usr/bin/c++ - skipped
[0.365s] -- Detecting CXX compile features
[0.365s] -- Detecting CXX compile features - done
[0.368s] -- Found ament_cmake: 1.3.11 (/opt/ros/humble/share/ament_cmake/cmake)
[0.519s] -- Found Python3: /usr/bin/python3 (found version "3.10.12") found components: Interpreter 
[0.579s] -- Found rclcpp: 16.0.11 (/opt/ros/humble/share/rclcpp/cmake)
[0.618s] -- Found rosidl_generator_c: 3.1.6 (/opt/ros/humble/share/rosidl_generator_c/cmake)
[0.621s] -- Found rosidl_adapter: 3.1.6 (/opt/ros/humble/share/rosidl_adapter/cmake)
[0.626s] -- Found rosidl_generator_cpp: 3.1.6 (/opt/ros/humble/share/rosidl_generator_cpp/cmake)
[0.634s] -- Using all available rosidl_typesupport_c: rosidl_typesupport_fastrtps_c;rosidl_typesupport_introspection_c
[0.644s] -- Using all available rosidl_typesupport_cpp: rosidl_typesupport_fastrtps_cpp;rosidl_typesupport_introspection_cpp
[0.672s] -- Found rmw_implementation_cmake: 6.1.2 (/opt/ros/humble/share/rmw_implementation_cmake/cmake)
[0.673s] -- Found rmw_fastrtps_cpp: 6.2.7 (/opt/ros/humble/share/rmw_fastrtps_cpp/cmake)
[0.756s] -- Found OpenSSL: /usr/lib/x86_64-linux-gnu/libcrypto.so (found version "3.0.2")  
[0.793s] -- Found FastRTPS: /opt/ros/humble/include  
[0.821s] -- Using RMW implementation 'rmw_fastrtps_cpp' as default
[0.829s] -- Looking for pthread.h
[0.923s] -- Looking for pthread.h - found
[0.924s] -- Performing Test CMAKE_HAVE_LIBC_PTHREAD
[1.019s] -- Performing Test CMAKE_HAVE_LIBC_PTHREAD - Success
[1.020s] -- Found Threads: TRUE  
[1.061s] -- Found tf2: 0.25.12 (/opt/ros/humble/share/tf2/cmake)
[1.075s] -- Found tf2_ros: 0.25.12 (/opt/ros/humble/share/tf2_ros/cmake)
[1.130s] -- Found turtlesim: 1.4.2 (/opt/ros/humble/share/turtlesim/cmake)
[1.140s] -- Found ament_lint_auto: 0.12.11 (/opt/ros/humble/share/ament_lint_auto/cmake)
[1.189s] -- Added test 'cppcheck' to perform static code analysis on C / C++ code
[1.190s] -- Configured cppcheck include dirs: $<BUILD_INTERFACE:/home/gyc/test/src/cpp01/include>
[1.190s] -- Configured cppcheck exclude dirs and/or files: 
[1.190s] -- Added test 'lint_cmake' to check CMake code style
[1.191s] -- Added test 'uncrustify' to check C / C++ code style
[1.191s] -- Configured uncrustify additional arguments: 
[1.191s] -- Added test 'xmllint' to check XML markup files
[1.192s] -- Configuring done
[1.198s] -- Generating done
[1.200s] -- Build files have been written to: /home/gyc/test/build/cpp01
[1.208s] Invoked command in '/home/gyc/test/build/cpp01' returned '0': CMAKE_PREFIX_PATH=/opt/ros/humble /usr/bin/cmake /home/gyc/test/src/cpp01 -DCMAKE_INSTALL_PREFIX=/home/gyc/test/install/cpp01
[1.208s] Invoking command in '/home/gyc/test/build/cpp01': CMAKE_PREFIX_PATH=/opt/ros/humble /usr/bin/cmake --build /home/gyc/test/build/cpp01 -- -j24 -l24
[1.262s] [ 50%] [32mBuilding CXX object CMakeFiles/demo01.dir/src/demo01.cpp.o[0m
[1.937s] [100%] [32m[1mLinking CXX executable demo01[0m
[2.063s] [100%] Built target demo01
[2.072s] Invoked command in '/home/gyc/test/build/cpp01' returned '0': CMAKE_PREFIX_PATH=/opt/ros/humble /usr/bin/cmake --build /home/gyc/test/build/cpp01 -- -j24 -l24
[2.078s] Invoking command in '/home/gyc/test/build/cpp01': CMAKE_PREFIX_PATH=/opt/ros/humble /usr/bin/cmake --install /home/gyc/test/build/cpp01
[2.084s] -- Install configuration: ""
[2.084s] -- Installing: /home/gyc/test/install/cpp01/lib/cpp01/demo01
[2.084s] -- Set runtime path of "/home/gyc/test/install/cpp01/lib/cpp01/demo01" to ""
[2.084s] -- Installing: /home/gyc/test/install/cpp01/share/ament_index/resource_index/package_run_dependencies/cpp01
[2.084s] -- Installing: /home/gyc/test/install/cpp01/share/ament_index/resource_index/parent_prefix_path/cpp01
[2.084s] -- Installing: /home/gyc/test/install/cpp01/share/cpp01/environment/ament_prefix_path.sh
[2.084s] -- Installing: /home/gyc/test/install/cpp01/share/cpp01/environment/ament_prefix_path.dsv
[2.084s] -- Installing: /home/gyc/test/install/cpp01/share/cpp01/environment/path.sh
[2.084s] -- Installing: /home/gyc/test/install/cpp01/share/cpp01/environment/path.dsv
[2.085s] -- Installing: /home/gyc/test/install/cpp01/share/cpp01/local_setup.bash
[2.085s] -- Installing: /home/gyc/test/install/cpp01/share/cpp01/local_setup.sh
[2.085s] -- Installing: /home/gyc/test/install/cpp01/share/cpp01/local_setup.zsh
[2.085s] -- Installing: /home/gyc/test/install/cpp01/share/cpp01/local_setup.dsv
[2.085s] -- Installing: /home/gyc/test/install/cpp01/share/cpp01/package.dsv
[2.085s] -- Installing: /home/gyc/test/install/cpp01/share/ament_index/resource_index/packages/cpp01
[2.085s] -- Installing: /home/gyc/test/install/cpp01/share/cpp01/cmake/cpp01Config.cmake
[2.085s] -- Installing: /home/gyc/test/install/cpp01/share/cpp01/cmake/cpp01Config-version.cmake
[2.085s] -- Installing: /home/gyc/test/install/cpp01/share/cpp01/package.xml
[2.086s] Invoked command in '/home/gyc/test/build/cpp01' returned '0': CMAKE_PREFIX_PATH=/opt/ros/humble /usr/bin/cmake --install /home/gyc/test/build/cpp01
